#
# There is insufficient memory for the Java Runtime Environment to continue.
# Native memory allocation (malloc) failed to allocate 155696 bytes for Chunk::new
# Possible reasons:
#   The system is out of physical RAM or swap space
#   The process is running with CompressedOops enabled, and the Java Heap may be blocking the growth of the native heap
# Possible solutions:
#   Reduce memory load on the system
#   Increase physical memory or swap space
#   Check if swap backing store is full
#   Decrease Java heap size (-Xmx/-Xms)
#   Decrease number of Java threads
#   Decrease Java thread stack sizes (-Xss)
#   Set larger code cache with -XX:ReservedCodeCacheSize=
#   JVM is running with Unscaled Compressed Oops mode in which the Java heap is
#     placed in the first 4GB address space. The Java Heap base address is the
#     maximum limit for the native heap growth. Please use -XX:HeapBaseMinAddress
#     to set the Java Heap base and to place the Java Heap above 4GB virtual address.
# This output file may be truncated or incomplete.
#
#  Out of Memory Error (arena.cpp:189), pid=12680, tid=14984
#
# JRE version: OpenJDK Runtime Environment Temurin-17.0.4+8 (17.0.4+8) (build 17.0.4+8)
# Java VM: OpenJDK 64-Bit Server VM Temurin-17.0.4+8 (17.0.4+8, mixed mode, tiered, compressed oops, compressed class ptrs, parallel gc, windows-amd64)
# No core dump will be written. Minidumps are not enabled by default on client versions of Windows
#

---------------  S U M M A R Y ------------

Command Line: --add-modules=ALL-SYSTEM --add-opens=java.base/java.util=ALL-UNNAMED --add-opens=java.base/java.lang=ALL-UNNAMED --add-opens=java.base/sun.nio.fs=ALL-UNNAMED -Declipse.application=org.eclipse.jdt.ls.core.id1 -Dosgi.bundles.defaultStartLevel=4 -Declipse.product=org.eclipse.jdt.ls.core.product -Djava.import.generatesMetadataFilesAtProjectRoot=false -Dfile.encoding=utf8 -DwatchParentProcess=false -Xlog:jni+resolve=off -XX:+UseParallelGC -XX:GCTimeRatio=4 -XX:AdaptiveSizePolicyWeight=90 -Dsun.zip.disableMemoryMapping=true -Xmx1G -Xms100m -javaagent:c:\Users\Guilherme Silva\.vscode\extensions\redhat.java-1.10.0-win32-x64\lombok\lombok-1.18.24.jar -XX:+HeapDumpOnOutOfMemoryError -XX:HeapDumpPath=c:\Users\Guilherme Silva\AppData\Roaming\Code\User\workspaceStorage\4ffcd9bcff96941e516091d85a2d40a8\redhat.java c:\Users\Guilherme Silva\.vscode\extensions\redhat.java-1.10.0-win32-x64\server\plugins\org.eclipse.equinox.launcher_1.6.400.v20210924-0641.jar -configuration c:\Users\Guilherme Silva\AppData\Roaming\Code\User\globalStorage\redhat.java\1.10.0\config_win -data c:\Users\Guilherme Silva\AppData\Roaming\Code\User\workspaceStorage\4ffcd9bcff96941e516091d85a2d40a8\redhat.java\jdt_ws

Host: Intel(R) Core(TM) i7-7500U CPU @ 2.70GHz, 4 cores, 7G,  Windows 10 , 64 bit Build 19041 (10.0.19041.1889)
Time: Thu Sep  1 17:35:49 2022 Hora oficial do Brasil elapsed time: 37.386400 seconds (0d 0h 0m 37s)

---------------  T H R E A D  ---------------

Current thread (0x000001cf7cb5ae60):  JavaThread "C2 CompilerThread0" daemon [_thread_in_native, id=14984, stack(0x000000364bd00000,0x000000364be00000)]


Current CompileTask:
C2:  37386 1752       4       java.util.HashMap::putVal (300 bytes)

Stack: [0x000000364bd00000,0x000000364be00000]
Native frames: (J=compiled Java code, j=interpreted, Vv=VM code, C=native code)
V  [jvm.dll+0x67733a]
V  [jvm.dll+0x8323c4]
V  [jvm.dll+0x833b6e]
V  [jvm.dll+0x8341d3]
V  [jvm.dll+0x2455e5]
V  [jvm.dll+0xabd7b]
V  [jvm.dll+0xac30c]
V  [jvm.dll+0x2ac67f]
V  [jvm.dll+0x57dd57]
V  [jvm.dll+0x220702]
V  [jvm.dll+0x219b8f]
V  [jvm.dll+0x2177eb]
V  [jvm.dll+0x1a3f8d]
V  [jvm.dll+0x227308]
V  [jvm.dll+0x225455]
V  [jvm.dll+0x7e7eeb]
V  [jvm.dll+0x7e245a]
V  [jvm.dll+0x6761c5]
C  [ucrtbase.dll+0x21bb2]
C  [KERNEL32.DLL+0x17034]
C  [ntdll.dll+0x52651]


---------------  P R O C E S S  ---------------

Threads class SMR info:
_java_thread_list=0x000001cf7e899a90, length=16, elements={
0x000001cf68cf7c40, 0x000001cf7cb18b60, 0x000001cf7cb19c50, 0x000001cf7cb55130,
0x000001cf7cb55cb0, 0x000001cf7cb56830, 0x000001cf7cb58260, 0x000001cf7cb5ae60,
0x000001cf7cb5bfd0, 0x000001cf7e528050, 0x000001cf7e5fdc60, 0x000001cf7e7e2510,
0x000001cf7e69c580, 0x000001cf000009e0, 0x000001cf7f076fd0, 0x000001cf7eaf1290
}

Java Threads: ( => current thread )
  0x000001cf68cf7c40 JavaThread "main" [_thread_blocked, id=16840, stack(0x000000364b400000,0x000000364b500000)]
  0x000001cf7cb18b60 JavaThread "Reference Handler" daemon [_thread_blocked, id=13020, stack(0x000000364b700000,0x000000364b800000)]
  0x000001cf7cb19c50 JavaThread "Finalizer" daemon [_thread_blocked, id=11616, stack(0x000000364b800000,0x000000364b900000)]
  0x000001cf7cb55130 JavaThread "Signal Dispatcher" daemon [_thread_blocked, id=4012, stack(0x000000364b900000,0x000000364ba00000)]
  0x000001cf7cb55cb0 JavaThread "Attach Listener" daemon [_thread_blocked, id=19004, stack(0x000000364ba00000,0x000000364bb00000)]
  0x000001cf7cb56830 JavaThread "Service Thread" daemon [_thread_blocked, id=25656, stack(0x000000364bb00000,0x000000364bc00000)]
  0x000001cf7cb58260 JavaThread "Monitor Deflation Thread" daemon [_thread_blocked, id=17236, stack(0x000000364bc00000,0x000000364bd00000)]
=>0x000001cf7cb5ae60 JavaThread "C2 CompilerThread0" daemon [_thread_in_native, id=14984, stack(0x000000364bd00000,0x000000364be00000)]
  0x000001cf7cb5bfd0 JavaThread "C1 CompilerThread0" daemon [_thread_blocked, id=16124, stack(0x000000364be00000,0x000000364bf00000)]
  0x000001cf7e528050 JavaThread "Sweeper thread" daemon [_thread_blocked, id=19336, stack(0x000000364bf00000,0x000000364c000000)]
  0x000001cf7e5fdc60 JavaThread "Common-Cleaner" daemon [_thread_blocked, id=22996, stack(0x000000364c000000,0x000000364c100000)]
  0x000001cf7e7e2510 JavaThread "Notification Thread" daemon [_thread_blocked, id=9432, stack(0x000000364c100000,0x000000364c200000)]
  0x000001cf7e69c580 JavaThread "Active Thread: Equinox Container: caffe70f-9b30-40df-bf00-4486d730cc4a" [_thread_blocked, id=22344, stack(0x000000364c600000,0x000000364c700000)]
  0x000001cf000009e0 JavaThread "Framework Event Dispatcher: Equinox Container: caffe70f-9b30-40df-bf00-4486d730cc4a" daemon [_thread_blocked, id=20572, stack(0x000000364c800000,0x000000364c900000)]
  0x000001cf7f076fd0 JavaThread "Start Level: Equinox Container: caffe70f-9b30-40df-bf00-4486d730cc4a" daemon [_thread_in_native, id=25112, stack(0x000000364c900000,0x000000364ca00000)]
  0x000001cf7eaf1290 JavaThread "SCR Component Actor" daemon [_thread_blocked, id=23304, stack(0x000000364ca00000,0x000000364cb00000)]

Other Threads:
  0x000001cf68dceca0 VMThread "VM Thread" [stack: 0x000000364b600000,0x000000364b700000] [id=24808]
  0x000001cf7e767c90 WatcherThread [stack: 0x000000364c200000,0x000000364c300000] [id=19016]
  0x000001cf68d09a60 GCTaskThread "GC Thread#0" [stack: 0x000000364b500000,0x000000364b600000] [id=21956]
  0x000001cf7ea6c020 GCTaskThread "GC Thread#1" [stack: 0x000000364c300000,0x000000364c400000] [id=6156]
  0x000001cf7ea6c2d0 GCTaskThread "GC Thread#2" [stack: 0x000000364c400000,0x000000364c500000] [id=13080]
  0x000001cf7ed05d20 GCTaskThread "GC Thread#3" [stack: 0x000000364c500000,0x000000364c600000] [id=13216]

Threads with active compile tasks:
C2 CompilerThread0    39012 1752       4       java.util.HashMap::putVal (300 bytes)

VM state: not at safepoint (normal execution)

VM Mutex/Monitor currently owned by a thread: None

Heap address: 0x00000000c0000000, size: 1024 MB, Compressed Oops mode: 32-bit

CDS archive(s) not mapped
Compressed class space mapped at: 0x0000000100000000-0x0000000140000000, reserved size: 1073741824
Narrow klass base: 0x0000000000000000, Narrow klass shift: 3, Narrow klass range: 0x140000000

GC Precious Log:
 CPUs: 4 total, 4 available
 Memory: 8070M
 Large Page Support: Disabled
 NUMA Support: Disabled
 Compressed Oops: Enabled (32-bit)
 Alignments: Space 512K, Generation 512K, Heap 2M
 Heap Min Capacity: 100M
 Heap Initial Capacity: 100M
 Heap Max Capacity: 1G
 Pre-touch: Disabled
 Parallel Workers: 4

Heap:
 PSYoungGen      total 29696K, used 12422K [0x00000000eab00000, 0x00000000ecc00000, 0x0000000100000000)
  eden space 25600K, 32% used [0x00000000eab00000,0x00000000eb322408,0x00000000ec400000)
  from space 4096K, 99% used [0x00000000ec800000,0x00000000ecbff6a0,0x00000000ecc00000)
  to   space 4096K, 0% used [0x00000000ec400000,0x00000000ec400000,0x00000000ec800000)
 ParOldGen       total 68608K, used 1410K [0x00000000c0000000, 0x00000000c4300000, 0x00000000eab00000)
  object space 68608K, 2% used [0x00000000c0000000,0x00000000c0160b80,0x00000000c4300000)
 Metaspace       used 16207K, committed 16512K, reserved 1064960K
  class space    used 1669K, committed 1792K, reserved 1048576K

Card table byte_map: [0x000001cf686c0000,0x000001cf688d0000] _byte_map_base: 0x000001cf680c0000

Marking Bits: (ParMarkBitMap*) 0x00007ff814062cd0
 Begin Bits: [0x000001cf7a990000, 0x000001cf7b990000)
 End Bits:   [0x000001cf7b990000, 0x000001cf7c990000)

Polling page: 0x000001cf66b30000

Metaspace:

Usage:
  Non-class:     14.20 MB used.
      Class:      1.63 MB used.
       Both:     15.83 MB used.

Virtual space:
  Non-class space:       16.00 MB reserved,      14.38 MB ( 90%) committed,  2 nodes.
      Class space:        1.00 GB reserved,       1.75 MB ( <1%) committed,  1 nodes.
             Both:        1.02 GB reserved,      16.12 MB (  2%) committed. 

Chunk freelists:
   Non-Class:  1.33 MB
       Class:  2.25 MB
        Both:  3.58 MB

MaxMetaspaceSize: unlimited
CompressedClassSpaceSize: 1.00 GB
Initial GC threshold: 21.00 MB
Current GC threshold: 21.00 MB
CDS: off
MetaspaceReclaimPolicy: balanced
 - commit_granule_bytes: 65536.
 - commit_granule_words: 8192.
 - virtual_space_node_default_size: 1048576.
 - enlarge_chunks_in_place: 1.
 - new_chunks_are_fully_committed: 0.
 - uncommit_free_chunks: 1.
 - use_allocation_guard: 0.
 - handle_deallocations: 1.


Internal statistics:

num_allocs_failed_limit: 0.
num_arena_births: 98.
num_arena_deaths: 0.
num_vsnodes_births: 3.
num_vsnodes_deaths: 0.
num_space_committed: 258.
num_space_uncommitted: 0.
num_chunks_returned_to_freelist: 0.
num_chunks_taken_from_freelist: 370.
num_chunk_merges: 0.
num_chunk_splits: 247.
num_chunks_enlarged: 180.
num_purges: 0.
num_inconsistent_stats: 0.

CodeHeap 'non-profiled nmethods': size=120000Kb used=685Kb max_used=685Kb free=119314Kb
 bounds [0x000001cf73460000, 0x000001cf736d0000, 0x000001cf7a990000]
CodeHeap 'profiled nmethods': size=120000Kb used=3317Kb max_used=3317Kb free=116682Kb
 bounds [0x000001cf6bf30000, 0x000001cf6c270000, 0x000001cf73460000]
CodeHeap 'non-nmethods': size=5760Kb used=1168Kb max_used=1192Kb free=4591Kb
 bounds [0x000001cf6b990000, 0x000001cf6bc00000, 0x000001cf6bf30000]
 total_blobs=2209 nmethods=1751 adapters=372
 compilation: enabled
              stopped_count=0, restarted_count=0
 full_count=0

Compilation events (20 events):
Event: 37.259 Thread 0x000001cf7cb5bfd0 nmethod 1742 0x000001cf6c266610 code [0x000001cf6c266800, 0x000001cf6c266e18]
Event: 37.259 Thread 0x000001cf7cb5bfd0 1743       3       org.eclipse.osgi.container.ModuleContainer::checkAdminPermission (27 bytes)
Event: 37.260 Thread 0x000001cf7cb5bfd0 nmethod 1743 0x000001cf6c267190 code [0x000001cf6c267380, 0x000001cf6c2677f8]
Event: 37.261 Thread 0x000001cf7cb5bfd0 1744   !   3       org.eclipse.osgi.storage.bundlefile.CloseableBundleFile::getEntry (28 bytes)
Event: 37.261 Thread 0x000001cf7cb5bfd0 nmethod 1744 0x000001cf6c267a10 code [0x000001cf6c267c40, 0x000001cf6c2685d8]
Event: 37.261 Thread 0x000001cf7cb5bfd0 1747       3       java.lang.System::getProperty (25 bytes)
Event: 37.262 Thread 0x000001cf7cb5bfd0 nmethod 1747 0x000001cf6c268910 code [0x000001cf6c268b20, 0x000001cf6c2691f8]
Event: 37.262 Thread 0x000001cf7cb5bfd0 1745       3       org.eclipse.osgi.storage.bundlefile.ZipBundleFile::findEntry (62 bytes)
Event: 37.262 Thread 0x000001cf7cb5bfd0 nmethod 1745 0x000001cf6c269490 code [0x000001cf6c269720, 0x000001cf6c26a348]
Event: 37.262 Thread 0x000001cf7cb5bfd0 1748       1       com.sun.org.apache.xerces.internal.util.Status::isExceptional (5 bytes)
Event: 37.262 Thread 0x000001cf7cb5bfd0 nmethod 1748 0x000001cf7350b190 code [0x000001cf7350b320, 0x000001cf7350b3f8]
Event: 37.262 Thread 0x000001cf7cb5bfd0 1746       1       com.sun.org.apache.xerces.internal.utils.XMLSecurityManager$Limit::systemProperty (5 bytes)
Event: 37.263 Thread 0x000001cf7cb5bfd0 nmethod 1746 0x000001cf7350b490 code [0x000001cf7350b620, 0x000001cf7350b6f8]
Event: 37.263 Thread 0x000001cf7cb5bfd0 1749       3       com.sun.org.apache.xerces.internal.impl.XMLEntityScanner::checkEntityLimit (50 bytes)
Event: 37.263 Thread 0x000001cf7cb5bfd0 nmethod 1749 0x000001cf6c26a790 code [0x000001cf6c26a960, 0x000001cf6c26ac98]
Event: 37.263 Thread 0x000001cf7cb5bfd0 1750       3       org.eclipse.osgi.container.ModuleRevision::getBundle (8 bytes)
Event: 37.263 Thread 0x000001cf7cb5bfd0 nmethod 1750 0x000001cf6c26ad90 code [0x000001cf6c26af40, 0x000001cf6c26b168]
Event: 37.263 Thread 0x000001cf7cb5bfd0 1751       3       org.eclipse.osgi.container.ModuleRevisions::getBundle (8 bytes)
Event: 37.264 Thread 0x000001cf7cb5bfd0 nmethod 1751 0x000001cf6c26b290 code [0x000001cf6c26b440, 0x000001cf6c26b608]
Event: 37.264 Thread 0x000001cf7cb5ae60 1752       4       java.util.HashMap::putVal (300 bytes)

GC Heap History (4 events):
Event: 18.461 GC heap before
{Heap before GC invocations=1 (full 0):
 PSYoungGen      total 29696K, used 25600K [0x00000000eab00000, 0x00000000ecc00000, 0x0000000100000000)
  eden space 25600K, 100% used [0x00000000eab00000,0x00000000ec400000,0x00000000ec400000)
  from space 4096K, 0% used [0x00000000ec800000,0x00000000ec800000,0x00000000ecc00000)
  to   space 4096K, 0% used [0x00000000ec400000,0x00000000ec400000,0x00000000ec800000)
 ParOldGen       total 68608K, used 0K [0x00000000c0000000, 0x00000000c4300000, 0x00000000eab00000)
  object space 68608K, 0% used [0x00000000c0000000,0x00000000c0000000,0x00000000c4300000)
 Metaspace       used 10799K, committed 10944K, reserved 1064960K
  class space    used 1083K, committed 1152K, reserved 1048576K
}
Event: 18.710 GC heap after
{Heap after GC invocations=1 (full 0):
 PSYoungGen      total 29696K, used 3297K [0x00000000eab00000, 0x00000000ecc00000, 0x0000000100000000)
  eden space 25600K, 0% used [0x00000000eab00000,0x00000000eab00000,0x00000000ec400000)
  from space 4096K, 80% used [0x00000000ec400000,0x00000000ec738618,0x00000000ec800000)
  to   space 4096K, 0% used [0x00000000ec800000,0x00000000ec800000,0x00000000ecc00000)
 ParOldGen       total 68608K, used 16K [0x00000000c0000000, 0x00000000c4300000, 0x00000000eab00000)
  object space 68608K, 0% used [0x00000000c0000000,0x00000000c0004000,0x00000000c4300000)
 Metaspace       used 10799K, committed 10944K, reserved 1064960K
  class space    used 1083K, committed 1152K, reserved 1048576K
}
Event: 30.281 GC heap before
{Heap before GC invocations=2 (full 0):
 PSYoungGen      total 29696K, used 28897K [0x00000000eab00000, 0x00000000ecc00000, 0x0000000100000000)
  eden space 25600K, 100% used [0x00000000eab00000,0x00000000ec400000,0x00000000ec400000)
  from space 4096K, 80% used [0x00000000ec400000,0x00000000ec738618,0x00000000ec800000)
  to   space 4096K, 0% used [0x00000000ec800000,0x00000000ec800000,0x00000000ecc00000)
 ParOldGen       total 68608K, used 16K [0x00000000c0000000, 0x00000000c4300000, 0x00000000eab00000)
  object space 68608K, 0% used [0x00000000c0000000,0x00000000c0004000,0x00000000c4300000)
 Metaspace       used 14815K, committed 15104K, reserved 1064960K
  class space    used 1510K, committed 1664K, reserved 1048576K
}
Event: 30.287 GC heap after
{Heap after GC invocations=2 (full 0):
 PSYoungGen      total 29696K, used 4093K [0x00000000eab00000, 0x00000000ecc00000, 0x0000000100000000)
  eden space 25600K, 0% used [0x00000000eab00000,0x00000000eab00000,0x00000000ec400000)
  from space 4096K, 99% used [0x00000000ec800000,0x00000000ecbff6a0,0x00000000ecc00000)
  to   space 4096K, 0% used [0x00000000ec400000,0x00000000ec400000,0x00000000ec800000)
 ParOldGen       total 68608K, used 1410K [0x00000000c0000000, 0x00000000c4300000, 0x00000000eab00000)
  object space 68608K, 2% used [0x00000000c0000000,0x00000000c0160b80,0x00000000c4300000)
 Metaspace       used 14815K, committed 15104K, reserved 1064960K
  class space    used 1510K, committed 1664K, reserved 1048576K
}

Deoptimization events (20 events):
Event: 24.462 Thread 0x000001cf68cf7c40 DEOPT PACKING pc=0x000001cf6c012cc3 sp=0x000000364b4fe4b0
Event: 24.462 Thread 0x000001cf68cf7c40 DEOPT UNPACKING pc=0x000001cf6b9e2843 sp=0x000000364b4fd9d0 mode 0
Event: 24.467 Thread 0x000001cf68cf7c40 DEOPT PACKING pc=0x000001cf6c0158be sp=0x000000364b4fe500
Event: 24.467 Thread 0x000001cf68cf7c40 DEOPT UNPACKING pc=0x000001cf6b9e2843 sp=0x000000364b4fd978 mode 0
Event: 34.600 Thread 0x000001cf7f076fd0 Uncommon trap: trap_request=0xffffff45 fr.pc=0x000001cf735042c0 relative=0x0000000000000ba0
Event: 34.600 Thread 0x000001cf7f076fd0 Uncommon trap: reason=unstable_if action=reinterpret pc=0x000001cf735042c0 method=java.util.concurrent.ConcurrentHashMap.putVal(Ljava/lang/Object;Ljava/lang/Object;Z)Ljava/lang/Object; @ 148 c2
Event: 34.600 Thread 0x000001cf7f076fd0 DEOPT PACKING pc=0x000001cf735042c0 sp=0x000000364c9f8a10
Event: 34.600 Thread 0x000001cf7f076fd0 DEOPT UNPACKING pc=0x000001cf6b9e20a3 sp=0x000000364c9f8990 mode 2
Event: 35.094 Thread 0x000001cf7f076fd0 Uncommon trap: trap_request=0xffffff45 fr.pc=0x000001cf734efe40 relative=0x0000000000002020
Event: 35.094 Thread 0x000001cf7f076fd0 Uncommon trap: reason=unstable_if action=reinterpret pc=0x000001cf734efe40 method=java.io.WinNTFileSystem.normalize(Ljava/lang/String;II)Ljava/lang/String; @ 100 c2
Event: 35.094 Thread 0x000001cf7f076fd0 DEOPT PACKING pc=0x000001cf734efe40 sp=0x000000364c9f8e30
Event: 35.094 Thread 0x000001cf7f076fd0 DEOPT UNPACKING pc=0x000001cf6b9e20a3 sp=0x000000364c9f8d70 mode 2
Event: 35.094 Thread 0x000001cf7f076fd0 Uncommon trap: trap_request=0xffffff45 fr.pc=0x000001cf734eb7ec relative=0x000000000000104c
Event: 35.094 Thread 0x000001cf7f076fd0 Uncommon trap: reason=unstable_if action=reinterpret pc=0x000001cf734eb7ec method=java.io.WinNTFileSystem.normalize(Ljava/lang/String;II)Ljava/lang/String; @ 100 c2
Event: 35.094 Thread 0x000001cf7f076fd0 DEOPT PACKING pc=0x000001cf734eb7ec sp=0x000000364c9f8d50
Event: 35.094 Thread 0x000001cf7f076fd0 DEOPT UNPACKING pc=0x000001cf6b9e20a3 sp=0x000000364c9f8d58 mode 2
Event: 37.166 Thread 0x000001cf7f076fd0 Uncommon trap: trap_request=0xffffff45 fr.pc=0x000001cf734b0610 relative=0x0000000000000fb0
Event: 37.166 Thread 0x000001cf7f076fd0 Uncommon trap: reason=unstable_if action=reinterpret pc=0x000001cf734b0610 method=java.lang.String.<init>([BIILjava/nio/charset/Charset;)V @ 18 c2
Event: 37.166 Thread 0x000001cf7f076fd0 DEOPT PACKING pc=0x000001cf734b0610 sp=0x000000364c9f8600
Event: 37.166 Thread 0x000001cf7f076fd0 DEOPT UNPACKING pc=0x000001cf6b9e20a3 sp=0x000000364c9f85c0 mode 2

Classes unloaded (0 events):
No events

Classes redefined (0 events):
No events

Internal exceptions (20 events):
Event: 11.584 Thread 0x000001cf68cf7c40 Implicit null exception at 0x000001cf734832f2 to 0x000001cf73483840
Event: 11.587 Thread 0x000001cf68cf7c40 Exception <a 'java/io/FileNotFoundException'{0x00000000eb78b540}> (0x00000000eb78b540) 
thrown [s\src\hotspot\share\prims\jni.cpp, line 516]
Event: 14.032 Thread 0x000001cf68cf7c40 Exception <a 'java/lang/ClassNotFoundException'{0x00000000ebf7d2c0}: sun/net/www/protocol/c/Handler> (0x00000000ebf7d2c0) 
thrown [s\src\hotspot\share\classfile\systemDictionary.cpp, line 256]
Event: 14.033 Thread 0x000001cf68cf7c40 Exception <a 'java/lang/ClassNotFoundException'{0x00000000ebf7e688}: sun/net/www/protocol/c/Handler> (0x00000000ebf7e688) 
thrown [s\src\hotspot\share\classfile\systemDictionary.cpp, line 256]
Event: 14.033 Thread 0x000001cf68cf7c40 Exception <a 'java/lang/ClassNotFoundException'{0x00000000ebf7f8a8}: sun/net/www/protocol/c/Handler> (0x00000000ebf7f8a8) 
thrown [s\src\hotspot\share\classfile\systemDictionary.cpp, line 256]
Event: 14.244 Thread 0x000001cf68cf7c40 Exception <a 'java/io/FileNotFoundException'{0x00000000ebfa63e0}> (0x00000000ebfa63e0) 
thrown [s\src\hotspot\share\prims\jni.cpp, line 516]
Event: 14.596 Thread 0x000001cf68cf7c40 Implicit null exception at 0x000001cf734b4500 to 0x000001cf734b4f54
Event: 14.597 Thread 0x000001cf68cf7c40 Implicit null exception at 0x000001cf734b6eec to 0x000001cf734b70d4
Event: 14.597 Thread 0x000001cf68cf7c40 Implicit null exception at 0x000001cf734b326c to 0x000001cf734b3454
Event: 14.597 Thread 0x000001cf68cf7c40 Implicit null exception at 0x000001cf734a280f to 0x000001cf734a2889
Event: 16.173 Thread 0x000001cf68cf7c40 Exception <a 'java/lang/NoSuchMethodError'{0x00000000ec272948}: 'int java.lang.invoke.DirectMethodHandle$Holder.invokeStaticInit(java.lang.Object, java.lang.Object, java.lang.Object, java.lang.Object)'> (0x00000000ec272948) 
thrown [s\src\hotspot\share\interpreter\linkResolver.cpp, line 759]
Event: 16.175 Thread 0x000001cf68cf7c40 Exception <a 'java/lang/NoSuchMethodError'{0x00000000ec27cfb8}: 'java.lang.Object java.lang.invoke.DirectMethodHandle$Holder.invokeInterface(java.lang.Object, java.lang.Object)'> (0x00000000ec27cfb8) 
thrown [s\src\hotspot\share\interpreter\linkResolver.cpp, line 759]
Event: 16.175 Thread 0x000001cf68cf7c40 Exception <a 'java/lang/IncompatibleClassChangeError'{0x00000000ec2807b0}: Found class java.lang.Object, but interface was expected> (0x00000000ec2807b0) 
thrown [s\src\hotspot\share\interpreter\linkResolver.cpp, line 826]
Event: 16.176 Thread 0x000001cf68cf7c40 Exception <a 'java/lang/NoSuchMethodError'{0x00000000ec284ca8}: 'void java.lang.invoke.DirectMethodHandle$Holder.invokeStatic(java.lang.Object, java.lang.Object)'> (0x00000000ec284ca8) 
thrown [s\src\hotspot\share\interpreter\linkResolver.cpp, line 759]
Event: 16.176 Thread 0x000001cf68cf7c40 Exception <a 'java/lang/NoSuchMethodError'{0x00000000ec2884a8}: 'void java.lang.invoke.DirectMethodHandle$Holder.invokeStaticInit(java.lang.Object, java.lang.Object)'> (0x00000000ec2884a8) 
thrown [s\src\hotspot\share\interpreter\linkResolver.cpp, line 759]
Event: 16.177 Thread 0x000001cf68cf7c40 Exception <a 'java/lang/NoSuchMethodError'{0x00000000ec28fc80}: 'int java.lang.invoke.DirectMethodHandle$Holder.invokeStaticInit(java.lang.Object, java.lang.Object)'> (0x00000000ec28fc80) 
thrown [s\src\hotspot\share\interpreter\linkResolver.cpp, line 759]
Event: 18.358 Thread 0x000001cf68cf7c40 Exception <a 'java/lang/NoSuchMethodError'{0x00000000ec3d72f8}: 'void java.lang.invoke.DirectMethodHandle$Holder.invokeSpecial(java.lang.Object, java.lang.Object, java.lang.Object)'> (0x00000000ec3d72f8) 
thrown [s\src\hotspot\share\interpreter\linkResolver.cpp, line 759]
Event: 24.235 Thread 0x000001cf68cf7c40 Exception <a 'java/lang/NoSuchMethodError'{0x00000000eb7d3dd0}: 'java.lang.Object java.lang.invoke.DirectMethodHandle$Holder.newInvokeSpecial(java.lang.Object, int, java.lang.Object)'> (0x00000000eb7d3dd0) 
thrown [s\src\hotspot\share\interpreter\linkResolver.cpp, line 759]
Event: 24.581 Thread 0x000001cf68cf7c40 Exception <a 'java/lang/UnsatisfiedLinkError'{0x00000000ebd69ae0}: 'void org.eclipse.equinox.launcher.JNIBridge._update_splash()'> (0x00000000ebd69ae0) 
thrown [s\src\hotspot\share\prims\nativeLookup.cpp, line 543]
Event: 25.413 Thread 0x000001cf7f076fd0 Exception <a 'java/lang/NoSuchMethodError'{0x00000000ec00c698}: 'java.lang.Object java.lang.invoke.DirectMethodHandle$Holder.invokeStaticInit(java.lang.Object)'> (0x00000000ec00c698) 
thrown [s\src\hotspot\share\interpreter\linkResolver.cpp, line 759]

VM Operations (20 events):
Event: 25.229 Executing VM operation: Cleanup
Event: 25.229 Executing VM operation: Cleanup done
Event: 26.244 Executing VM operation: Cleanup
Event: 26.244 Executing VM operation: Cleanup done
Event: 26.602 Executing VM operation: HandshakeAllThreads
Event: 26.602 Executing VM operation: HandshakeAllThreads done
Event: 27.603 Executing VM operation: Cleanup
Event: 27.603 Executing VM operation: Cleanup done
Event: 28.619 Executing VM operation: Cleanup
Event: 28.666 Executing VM operation: Cleanup done
Event: 30.281 Executing VM operation: ParallelGCFailedAllocation
Event: 30.287 Executing VM operation: ParallelGCFailedAllocation done
Event: 32.295 Executing VM operation: Cleanup
Event: 32.748 Executing VM operation: Cleanup done
Event: 33.763 Executing VM operation: Cleanup
Event: 33.763 Executing VM operation: Cleanup done
Event: 34.779 Executing VM operation: Cleanup
Event: 34.779 Executing VM operation: Cleanup done
Event: 35.794 Executing VM operation: Cleanup
Event: 35.794 Executing VM operation: Cleanup done

Events (20 events):
Event: 37.167 loading class java/util/ResourceBundle done
Event: 37.167 loading class java/util/PropertyResourceBundle done
Event: 37.168 loading class java/util/ResourceBundle$1
Event: 37.168 loading class jdk/internal/access/JavaUtilResourceBundleAccess
Event: 37.168 loading class jdk/internal/access/JavaUtilResourceBundleAccess done
Event: 37.168 loading class java/util/ResourceBundle$1 done
Event: 37.168 loading class java/util/ResourceBundle$2
Event: 37.168 loading class java/util/ResourceBundle$2 done
Event: 37.168 loading class sun/util/PropertyResourceBundleCharset
Event: 37.168 loading class sun/util/PropertyResourceBundleCharset done
Event: 37.168 loading class sun/util/PropertyResourceBundleCharset$PropertiesFileDecoder
Event: 37.168 loading class sun/util/PropertyResourceBundleCharset$PropertiesFileDecoder done
Event: 37.171 loading class jdk/internal/reflect/UnsafeStaticObjectFieldAccessorImpl
Event: 37.171 loading class jdk/internal/reflect/UnsafeStaticObjectFieldAccessorImpl done
Event: 37.173 loading class java/lang/IllegalCallerException
Event: 37.173 loading class java/lang/IllegalCallerException done
Event: 37.174 loading class java/lang/StackWalker$Option
Event: 37.175 loading class java/lang/StackWalker$Option done
Event: 37.259 loading class org/xml/sax/SAXParseException
Event: 37.260 loading class org/xml/sax/SAXParseException done


Dynamic libraries:
0x00007ff694100000 - 0x00007ff69410e000 	c:\Users\Guilherme Silva\.vscode\extensions\redhat.java-1.10.0-win32-x64\jre\17.0.4-win32-x86_64\bin\java.exe
0x00007ff8aa0d0000 - 0x00007ff8aa2c8000 	C:\WINDOWS\SYSTEM32\ntdll.dll
0x00007ff894d50000 - 0x00007ff894d67000 	C:\Program Files\Avast Software\Avast\aswhook.dll
0x00007ff8a85b0000 - 0x00007ff8a866d000 	C:\WINDOWS\System32\KERNEL32.DLL
0x00007ff8a7820000 - 0x00007ff8a7aee000 	C:\WINDOWS\System32\KERNELBASE.dll
0x00007ff8a8030000 - 0x00007ff8a8130000 	C:\WINDOWS\System32\ucrtbase.dll
0x00007ff893210000 - 0x00007ff893229000 	c:\Users\Guilherme Silva\.vscode\extensions\redhat.java-1.10.0-win32-x64\jre\17.0.4-win32-x86_64\bin\VCRUNTIME140.dll
0x00007ff893230000 - 0x00007ff893248000 	c:\Users\Guilherme Silva\.vscode\extensions\redhat.java-1.10.0-win32-x64\jre\17.0.4-win32-x86_64\bin\jli.dll
0x00007ff8a82e0000 - 0x00007ff8a8480000 	C:\WINDOWS\System32\USER32.dll
0x00007ff8a77f0000 - 0x00007ff8a7812000 	C:\WINDOWS\System32\win32u.dll
0x00007ff893e50000 - 0x00007ff8940ea000 	C:\WINDOWS\WinSxS\amd64_microsoft.windows.common-controls_6595b64144ccf1df_6.0.19041.1110_none_60b5254171f9507e\COMCTL32.dll
0x00007ff8a8670000 - 0x00007ff8a869a000 	C:\WINDOWS\System32\GDI32.dll
0x00007ff8a9b20000 - 0x00007ff8a9bbe000 	C:\WINDOWS\System32\msvcrt.dll
0x00007ff8a7af0000 - 0x00007ff8a7bfb000 	C:\WINDOWS\System32\gdi32full.dll
0x00007ff8a7f90000 - 0x00007ff8a802d000 	C:\WINDOWS\System32\msvcp_win.dll
0x00007ff8aa060000 - 0x00007ff8aa090000 	C:\WINDOWS\System32\IMM32.DLL
0x00007ff893200000 - 0x00007ff89320c000 	c:\Users\Guilherme Silva\.vscode\extensions\redhat.java-1.10.0-win32-x64\jre\17.0.4-win32-x86_64\bin\vcruntime140_1.dll
0x00007ff856690000 - 0x00007ff856721000 	c:\Users\Guilherme Silva\.vscode\extensions\redhat.java-1.10.0-win32-x64\jre\17.0.4-win32-x86_64\bin\msvcp140.dll
0x00007ff8134e0000 - 0x00007ff814126000 	c:\Users\Guilherme Silva\.vscode\extensions\redhat.java-1.10.0-win32-x64\jre\17.0.4-win32-x86_64\bin\server\jvm.dll
0x00007ff8a8230000 - 0x00007ff8a82de000 	C:\WINDOWS\System32\ADVAPI32.dll
0x00007ff8a9320000 - 0x00007ff8a93bc000 	C:\WINDOWS\System32\sechost.dll
0x00007ff8a8df0000 - 0x00007ff8a8f15000 	C:\WINDOWS\System32\RPCRT4.dll
0x00007ff8a9b10000 - 0x00007ff8a9b18000 	C:\WINDOWS\System32\PSAPI.DLL
0x00007ff893cd0000 - 0x00007ff893cd9000 	C:\WINDOWS\SYSTEM32\WSOCK32.dll
0x00007ff8a8bd0000 - 0x00007ff8a8c3b000 	C:\WINDOWS\System32\WS2_32.dll
0x00007ff8940f0000 - 0x00007ff894117000 	C:\WINDOWS\SYSTEM32\WINMM.dll
0x00007ff8a1950000 - 0x00007ff8a195a000 	C:\WINDOWS\SYSTEM32\VERSION.dll
0x00007ff8a5610000 - 0x00007ff8a5622000 	C:\WINDOWS\SYSTEM32\kernel.appcore.dll
0x00007ff8925a0000 - 0x00007ff8925aa000 	c:\Users\Guilherme Silva\.vscode\extensions\redhat.java-1.10.0-win32-x64\jre\17.0.4-win32-x86_64\bin\jimage.dll
0x00007ff8a0110000 - 0x00007ff8a02f4000 	C:\WINDOWS\SYSTEM32\DBGHELP.DLL
0x00007ff89a640000 - 0x00007ff89a66c000 	C:\WINDOWS\SYSTEM32\dbgcore.DLL
0x00007ff8a7c00000 - 0x00007ff8a7c82000 	C:\WINDOWS\System32\bcryptPrimitives.dll
0x00007ff892490000 - 0x00007ff89249e000 	c:\Users\Guilherme Silva\.vscode\extensions\redhat.java-1.10.0-win32-x64\jre\17.0.4-win32-x86_64\bin\instrument.dll
0x00007ff88e000000 - 0x00007ff88e025000 	c:\Users\Guilherme Silva\.vscode\extensions\redhat.java-1.10.0-win32-x64\jre\17.0.4-win32-x86_64\bin\java.dll
0x00007ff88dfe0000 - 0x00007ff88dff8000 	c:\Users\Guilherme Silva\.vscode\extensions\redhat.java-1.10.0-win32-x64\jre\17.0.4-win32-x86_64\bin\zip.dll
0x00007ff8a93c0000 - 0x00007ff8a9b04000 	C:\WINDOWS\System32\SHELL32.dll
0x00007ff8a58f0000 - 0x00007ff8a6084000 	C:\WINDOWS\SYSTEM32\windows.storage.dll
0x00007ff8a9bd0000 - 0x00007ff8a9f24000 	C:\WINDOWS\System32\combase.dll
0x00007ff8a7250000 - 0x00007ff8a7280000 	C:\WINDOWS\SYSTEM32\Wldp.dll
0x00007ff8a9070000 - 0x00007ff8a911d000 	C:\WINDOWS\System32\SHCORE.dll
0x00007ff8a9120000 - 0x00007ff8a9175000 	C:\WINDOWS\System32\shlwapi.dll
0x00007ff8a7730000 - 0x00007ff8a774f000 	C:\WINDOWS\SYSTEM32\profapi.dll
0x00007ff8898e0000 - 0x00007ff8898f9000 	C:\Users\Guilherme Silva\.vscode\extensions\redhat.java-1.10.0-win32-x64\jre\17.0.4-win32-x86_64\bin\net.dll
0x00007ff89e030000 - 0x00007ff89e13a000 	C:\WINDOWS\SYSTEM32\WINHTTP.dll
0x00007ff8a6fb0000 - 0x00007ff8a701a000 	C:\WINDOWS\system32\mswsock.dll
0x00007ff889330000 - 0x00007ff889345000 	C:\Users\Guilherme Silva\.vscode\extensions\redhat.java-1.10.0-win32-x64\jre\17.0.4-win32-x86_64\bin\nio.dll
0x00007ff88fbc0000 - 0x00007ff88fbd0000 	c:\Users\Guilherme Silva\.vscode\extensions\redhat.java-1.10.0-win32-x64\jre\17.0.4-win32-x86_64\bin\verify.dll
0x00007ff886f20000 - 0x00007ff886f5e000 	C:\Users\Guilherme Silva\AppData\Roaming\Code\User\globalStorage\redhat.java\1.10.0\config_win\org.eclipse.equinox.launcher\org.eclipse.equinox.launcher.win32.win32.x86_64_1.2.500.v20220509-0833\eclipse_11700.dll
0x00007ff8a9f30000 - 0x00007ff8aa05a000 	C:\WINDOWS\System32\ole32.dll

dbghelp: loaded successfully - version: 4.0.5 - missing functions: none
symbol engine: initialized successfully - sym options: 0x614 - pdb path: .;c:\Users\Guilherme Silva\.vscode\extensions\redhat.java-1.10.0-win32-x64\jre\17.0.4-win32-x86_64\bin;C:\WINDOWS\SYSTEM32;C:\Program Files\Avast Software\Avast;C:\WINDOWS\WinSxS\amd64_microsoft.windows.common-controls_6595b64144ccf1df_6.0.19041.1110_none_60b5254171f9507e;c:\Users\Guilherme Silva\.vscode\extensions\redhat.java-1.10.0-win32-x64\jre\17.0.4-win32-x86_64\bin\server;C:\Users\Guilherme Silva\AppData\Roaming\Code\User\globalStorage\redhat.java\1.10.0\config_win\org.eclipse.equinox.launcher\org.eclipse.equinox.launcher.win32.win32.x86_64_1.2.500.v20220509-0833

VM Arguments:
jvm_args: --add-modules=ALL-SYSTEM --add-opens=java.base/java.util=ALL-UNNAMED --add-opens=java.base/java.lang=ALL-UNNAMED --add-opens=java.base/sun.nio.fs=ALL-UNNAMED -Declipse.application=org.eclipse.jdt.ls.core.id1 -Dosgi.bundles.defaultStartLevel=4 -Declipse.product=org.eclipse.jdt.ls.core.product -Djava.import.generatesMetadataFilesAtProjectRoot=false -Dfile.encoding=utf8 -DwatchParentProcess=false -Xlog:jni+resolve=off -XX:+UseParallelGC -XX:GCTimeRatio=4 -XX:AdaptiveSizePolicyWeight=90 -Dsun.zip.disableMemoryMapping=true -Xmx1G -Xms100m -javaagent:c:\Users\Guilherme Silva\.vscode\extensions\redhat.java-1.10.0-win32-x64\lombok\lombok-1.18.24.jar -XX:+HeapDumpOnOutOfMemoryError -XX:HeapDumpPath=c:\Users\Guilherme Silva\AppData\Roaming\Code\User\workspaceStorage\4ffcd9bcff96941e516091d85a2d40a8\redhat.java 
java_command: c:\Users\Guilherme Silva\.vscode\extensions\redhat.java-1.10.0-win32-x64\server\plugins\org.eclipse.equinox.launcher_1.6.400.v20210924-0641.jar -configuration c:\Users\Guilherme Silva\AppData\Roaming\Code\User\globalStorage\redhat.java\1.10.0\config_win -data c:\Users\Guilherme Silva\AppData\Roaming\Code\User\workspaceStorage\4ffcd9bcff96941e516091d85a2d40a8\redhat.java\jdt_ws
java_class_path (initial): c:\Users\Guilherme Silva\.vscode\extensions\redhat.java-1.10.0-win32-x64\server\plugins\org.eclipse.equinox.launcher_1.6.400.v20210924-0641.jar
Launcher Type: SUN_STANDARD

[Global flags]
    uintx AdaptiveSizePolicyWeight                 = 90                                        {product} {command line}
     intx CICompilerCount                          = 3                                         {product} {ergonomic}
    uintx GCTimeRatio                              = 4                                         {product} {command line}
     bool HeapDumpOnOutOfMemoryError               = true                                   {manageable} {command line}
    ccstr HeapDumpPath                             = c:\Users\Guilherme Silva\AppData\Roaming\Code\User\workspaceStorage\4ffcd9bcff96941e516091d85a2d40a8\redhat.java         {manageable} {command line}
   size_t InitialHeapSize                          = 104857600                                 {product} {command line}
   size_t MaxHeapSize                              = 1073741824                                {product} {command line}
   size_t MaxNewSize                               = 357564416                                 {product} {ergonomic}
   size_t MinHeapDeltaBytes                        = 524288                                    {product} {ergonomic}
   size_t MinHeapSize                              = 104857600                                 {product} {command line}
   size_t NewSize                                  = 34603008                                  {product} {ergonomic}
    uintx NonNMethodCodeHeapSize                   = 5832780                                {pd product} {ergonomic}
    uintx NonProfiledCodeHeapSize                  = 122912730                              {pd product} {ergonomic}
   size_t OldSize                                  = 70254592                                  {product} {ergonomic}
    uintx ProfiledCodeHeapSize                     = 122912730                              {pd product} {ergonomic}
    uintx ReservedCodeCacheSize                    = 251658240                              {pd product} {ergonomic}
     bool SegmentedCodeCache                       = true                                      {product} {ergonomic}
   size_t SoftMaxHeapSize                          = 1073741824                             {manageable} {ergonomic}
     bool UseCompressedClassPointers               = true                           {product lp64_product} {ergonomic}
     bool UseCompressedOops                        = true                           {product lp64_product} {ergonomic}
     bool UseLargePagesIndividualAllocation        = false                                  {pd product} {ergonomic}
     bool UseParallelGC                            = true                                      {product} {command line}

Logging:
Log output configuration:
 #0: stdout all=warning,jni+resolve=off uptime,level,tags
 #1: stderr all=off uptime,level,tags

Environment Variables:
JAVA_HOME=C:\Program Files\Java\jdk-11.0.15
PATH=C:\Program Files\Common Files\Oracle\Java\javapath;C:\Program Files (x86)\Common Files\Oracle\Java\javapath;C:\WINDOWS\system32;C:\WINDOWS;C:\WINDOWS\System32\Wbem;C:\WINDOWS\System32\WindowsPowerShell\v1.0\;C:\Program Files\Common Files\Autodesk Shared\;C:\Program Files\Microsoft SQL Server\120\Tools\Binn\;C:\WINDOWS\System32\OpenSSH\;C:\Program Files (x86)\Intel\Intel(R) Management Engine Components\DAL;C:\Program Files\Intel\Intel(R) Management Engine Components\DAL;C:\Program Files\Microsoft VS Code\bin;C:\Program Files\Java\jdk-11.0.15\bin;C:\Python27;C:\Program Files\nodejs\;C:\Users\Guilherme Silva\Desktop\Victor\Reparo Rafaela\platform-tools\platform-tools;C:\Program Files\dotnet\;C:\Program Files\Java\jdk-11.0.15\bin;C:\Program Files\Git\cmd;C:\Users\Guilherme Silva\AppData\Local\Programs\Python\Python310\Scripts\;C:\Users\Guilherme Silva\AppData\Local\Programs\Python\Python310\;C:\Users\Guilherme Silva\Desktop\Victor\Flutter\flutter\bin;C:\Users\Guilherme Silva\AppData\Local\Microsoft\WindowsApps;C:\Program Files\Java\jdk-11.0.15\bin;C:\Users\Guilherme Silva\AppData\Roaming\npm;C:\Program Files\heroku\bin;C:\Users\Guilherme Silva\AppData\Local\JetBrains\Toolbox\scripts
USERNAME=Guilherme Silva
OS=Windows_NT
PROCESSOR_IDENTIFIER=Intel64 Family 6 Model 142 Stepping 9, GenuineIntel
TMP=C:\Users\GUILHE~1\AppData\Local\Temp
TEMP=C:\Users\GUILHE~1\AppData\Local\Temp



---------------  S Y S T E M  ---------------

OS:
 Windows 10 , 64 bit Build 19041 (10.0.19041.1889)
OS uptime: 4 days 7:34 hours

CPU: total 4 (initial active 4) (2 cores per cpu, 2 threads per core) family 6 model 142 stepping 9 microcode 0xc6, cx8, cmov, fxsr, ht, mmx, 3dnowpref, sse, sse2, sse3, ssse3, sse4.1, sse4.2, popcnt, lzcnt, tsc, tscinvbit, avx, avx2, aes, erms, clmul, bmi1, bmi2, adx, fma, vzeroupper, clflush, clflushopt

Memory: 4k page, system-wide physical 8070M (547M free)
TotalPageFile size 24070M (AvailPageFile size 0M)
current process WorkingSet (physical memory assigned to process): 87M, peak: 87M
current process commit charge ("private bytes"): 190M, peak: 191M

vm_info: OpenJDK 64-Bit Server VM (17.0.4+8) for windows-amd64 JRE (17.0.4+8), built on Jul 19 2022 16:05:16 by "temurin" with MS VC++ 16.7 (VS2019)

END.
